{
  "/Users/fernandosantos/Projects/xroad-universal-soap/src/lib/parse-url.ts": {
    "path": "/Users/fernandosantos/Projects/xroad-universal-soap/src/lib/parse-url.ts",
    "statementMap": {
      "0": {
        "start": { "line": 1, "column": 0 },
        "end": { "line": 1, "column": 42 }
      },
      "1": {
        "start": { "line": 2, "column": 0 },
        "end": { "line": 2, "column": 38 }
      },
      "2": {
        "start": { "line": 5, "column": 13 },
        "end": { "line": 39, "column": 2 }
      },
      "3": {
        "start": { "line": 6, "column": 4 },
        "end": { "line": 8, "column": null }
      },
      "4": {
        "start": { "line": 7, "column": 8 },
        "end": { "line": 7, "column": 28 }
      },
      "5": {
        "start": { "line": 10, "column": 22 },
        "end": { "line": 10, "column": 25 }
      },
      "6": {
        "start": { "line": 11, "column": 21 },
        "end": { "line": 11, "column": 41 }
      },
      "7": {
        "start": { "line": 13, "column": 4 },
        "end": { "line": 16, "column": null }
      },
      "8": {
        "start": { "line": 15, "column": 8 },
        "end": { "line": 15, "column": 25 }
      },
      "9": {
        "start": { "line": 19, "column": 23 },
        "end": { "line": 19, "column": 34 }
      },
      "10": {
        "start": { "line": 23, "column": 4 },
        "end": { "line": 27, "column": null }
      },
      "11": {
        "start": { "line": 24, "column": 26 },
        "end": { "line": 24, "column": 41 }
      },
      "12": {
        "start": { "line": 25, "column": 8 },
        "end": { "line": 25, "column": 28 }
      },
      "13": {
        "start": { "line": 26, "column": 8 },
        "end": { "line": 26, "column": 38 }
      },
      "14": {
        "start": { "line": 29, "column": 4 },
        "end": { "line": 31, "column": null }
      },
      "15": {
        "start": { "line": 30, "column": 8 },
        "end": { "line": 30, "column": null }
      },
      "16": {
        "start": { "line": 33, "column": 4 },
        "end": { "line": 38, "column": null }
      }
    },
    "fnMap": {
      "0": {
        "name": "(anonymous_1)",
        "decl": {
          "start": { "line": 5, "column": 24 },
          "end": { "line": 5, "column": 25 }
        },
        "loc": {
          "start": { "line": 5, "column": 52 },
          "end": { "line": 39, "column": 1 }
        }
      }
    },
    "branchMap": {
      "0": {
        "loc": {
          "start": { "line": 6, "column": 4 },
          "end": { "line": 8, "column": null }
        },
        "type": "if",
        "locations": [
          {
            "start": { "line": 6, "column": 4 },
            "end": { "line": 8, "column": null }
          },
          {
            "start": { "line": 6, "column": 4 },
            "end": { "line": 8, "column": null }
          }
        ]
      },
      "1": {
        "loc": {
          "start": { "line": 6, "column": 7 },
          "end": { "line": 6, "column": 11 }
        },
        "type": "binary-expr",
        "locations": [
          {
            "start": { "line": 6, "column": 7 },
            "end": { "line": 6, "column": 11 }
          },
          {
            "start": { "line": 6, "column": 15 },
            "end": { "line": 6, "column": 26 }
          }
        ]
      },
      "2": {
        "loc": {
          "start": { "line": 13, "column": 4 },
          "end": { "line": 16, "column": null }
        },
        "type": "if",
        "locations": [
          {
            "start": { "line": 13, "column": 4 },
            "end": { "line": 16, "column": null }
          },
          {
            "start": { "line": 13, "column": 4 },
            "end": { "line": 16, "column": null }
          }
        ]
      },
      "3": {
        "loc": {
          "start": { "line": 23, "column": 4 },
          "end": { "line": 27, "column": null }
        },
        "type": "if",
        "locations": [
          {
            "start": { "line": 23, "column": 4 },
            "end": { "line": 27, "column": null }
          },
          {
            "start": { "line": 23, "column": 4 },
            "end": { "line": 27, "column": null }
          }
        ]
      },
      "4": {
        "loc": {
          "start": { "line": 29, "column": 4 },
          "end": { "line": 31, "column": null }
        },
        "type": "if",
        "locations": [
          {
            "start": { "line": 29, "column": 4 },
            "end": { "line": 31, "column": null }
          },
          {
            "start": { "line": 29, "column": 4 },
            "end": { "line": 31, "column": null }
          }
        ]
      },
      "5": {
        "loc": {
          "start": { "line": 29, "column": 7 },
          "end": { "line": 29, "column": 20 }
        },
        "type": "binary-expr",
        "locations": [
          {
            "start": { "line": 29, "column": 7 },
            "end": { "line": 29, "column": 20 }
          },
          {
            "start": { "line": 29, "column": 24 },
            "end": { "line": 29, "column": 35 }
          }
        ]
      }
    },
    "s": {
      "0": 2,
      "1": 2,
      "2": 2,
      "3": 8,
      "4": 2,
      "5": 6,
      "6": 6,
      "7": 6,
      "8": 5,
      "9": 6,
      "10": 6,
      "11": 1,
      "12": 1,
      "13": 1,
      "14": 6,
      "15": 2,
      "16": 4
    },
    "f": { "0": 8 },
    "b": {
      "0": [2, 6],
      "1": [8, 6],
      "2": [5, 1],
      "3": [1, 5],
      "4": [2, 4],
      "5": [6, 3]
    }
  }
}
